<?xml version="1.0" encoding="UTF-8"?>
<!-- Generated by org.testng.reporters.JUnitReportReporter -->
<testsuite hostname="LAPTOP-72CGLFOI" failures="1" tests="3" name="onlineclass.LearningAttributesinTestNG" time="0.050" errors="0" timestamp="2020-03-24T16:42:59 IST" skipped="0">
  <testcase classname="onlineclass.LearningAttributesinTestNG" name="TestC" time="0.004"/>
  <system-out/>
  <testcase classname="onlineclass.LearningAttributesinTestNG" name="TestB" time="0.037">
    <failure message="expected [yahoo] but found [yahoo1]" type="java.lang.AssertionError">
      <![CDATA[java.lang.AssertionError: expected [yahoo] but found [yahoo1]
at org.testng.Assert.fail(Assert.java:97)
at org.testng.Assert.assertEqualsImpl(Assert.java:136)
at org.testng.Assert.assertEquals(Assert.java:118)
at org.testng.Assert.assertEquals(Assert.java:575)
at org.testng.Assert.assertEquals(Assert.java:585)
at onlineclass.LearningAttributesinTestNG.TestB(LearningAttributesinTestNG.java:13)
at java.base/jdk.internal.reflect.NativeMethodAccessorImpl.invoke0(Native Method)
at java.base/jdk.internal.reflect.NativeMethodAccessorImpl.invoke(NativeMethodAccessorImpl.java:62)
at java.base/jdk.internal.reflect.DelegatingMethodAccessorImpl.invoke(DelegatingMethodAccessorImpl.java:43)
at java.base/java.lang.reflect.Method.invoke(Method.java:564)
at org.testng.internal.MethodInvocationHelper.invokeMethod(MethodInvocationHelper.java:134)
at org.testng.internal.InvokeMethodRunnable.runOne(InvokeMethodRunnable.java:47)
at org.testng.internal.InvokeMethodRunnable.call(InvokeMethodRunnable.java:68)
at org.testng.internal.InvokeMethodRunnable.call(InvokeMethodRunnable.java:13)
at java.base/java.util.concurrent.FutureTask.run(FutureTask.java:264)
at java.base/java.util.concurrent.ThreadPoolExecutor.runWorker(ThreadPoolExecutor.java:1130)
at java.base/java.util.concurrent.ThreadPoolExecutor$Worker.run(ThreadPoolExecutor.java:630)
at java.base/java.lang.Thread.run(Thread.java:832)
]]>
    </failure>
  </testcase> <!-- TestB -->
  <system-out/>
  <testcase classname="onlineclass.LearningAttributesinTestNG" name="TestA" time="0.009"/>
  <system-out/>
</testsuite> <!-- onlineclass.LearningAttributesinTestNG -->
