<?xml version="1.0" encoding="UTF-8"?>
<!-- Generated by org.testng.reporters.JUnitReportReporter -->
<testsuite hostname="LAPTOP-72CGLFOI" failures="0" tests="5" name="cts.miniproject.test.DdExcelWordpressLogin" time="6.120" errors="2" timestamp="2020-03-28T09:16:48 IST" skipped="3">
  <testcase classname="cts.miniproject.test.DdExcelWordpressLogin" name="tearDown" time="0.007">
    <error type="java.lang.NullPointerException">
      <![CDATA[java.lang.NullPointerException
at cts.miniproject.test.DdExcelWordpressLogin.tearDown(DdExcelWordpressLogin.java:37)
at java.base/jdk.internal.reflect.NativeMethodAccessorImpl.invoke0(Native Method)
at java.base/jdk.internal.reflect.NativeMethodAccessorImpl.invoke(NativeMethodAccessorImpl.java:62)
at java.base/jdk.internal.reflect.DelegatingMethodAccessorImpl.invoke(DelegatingMethodAccessorImpl.java:43)
at java.base/java.lang.reflect.Method.invoke(Method.java:564)
at org.testng.internal.MethodInvocationHelper.invokeMethod(MethodInvocationHelper.java:134)
at org.testng.internal.MethodInvocationHelper.invokeMethodConsideringTimeout(MethodInvocationHelper.java:63)
at org.testng.internal.ConfigInvoker.invokeConfigurationMethod(ConfigInvoker.java:348)
at org.testng.internal.ConfigInvoker.invokeConfigurations(ConfigInvoker.java:302)
at org.testng.internal.TestInvoker.runConfigMethods(TestInvoker.java:695)
at org.testng.internal.TestInvoker.runAfterGroupsConfigurations(TestInvoker.java:671)
at org.testng.internal.TestInvoker.invokeMethod(TestInvoker.java:655)
at org.testng.internal.TestInvoker.invokeTestMethod(TestInvoker.java:173)
at org.testng.internal.MethodRunner.runInSequence(MethodRunner.java:46)
at org.testng.internal.TestInvoker$MethodInvocationAgent.invoke(TestInvoker.java:816)
at org.testng.internal.TestInvoker.invokeTestMethods(TestInvoker.java:146)
at org.testng.internal.TestMethodWorker.invokeTestMethods(TestMethodWorker.java:146)
at org.testng.internal.TestMethodWorker.run(TestMethodWorker.java:128)
at java.base/java.util.ArrayList.forEach(ArrayList.java:1510)
at org.testng.TestRunner.privateRun(TestRunner.java:766)
at org.testng.TestRunner.run(TestRunner.java:587)
at org.testng.SuiteRunner.runTest(SuiteRunner.java:384)
at org.testng.SuiteRunner.runSequentially(SuiteRunner.java:378)
at org.testng.SuiteRunner.privateRun(SuiteRunner.java:337)
at org.testng.SuiteRunner.run(SuiteRunner.java:286)
at org.testng.SuiteRunnerWorker.runSuite(SuiteRunnerWorker.java:53)
at org.testng.SuiteRunnerWorker.run(SuiteRunnerWorker.java:96)
at org.testng.TestNG.runSuitesSequentially(TestNG.java:1187)
at org.testng.TestNG.runSuitesLocally(TestNG.java:1109)
at org.testng.TestNG.runSuites(TestNG.java:1039)
at org.testng.TestNG.run(TestNG.java:1007)
at org.testng.remote.AbstractRemoteTestNG.run(AbstractRemoteTestNG.java:115)
at org.testng.remote.RemoteTestNG.initAndRun(RemoteTestNG.java:251)
at org.testng.remote.RemoteTestNG.main(RemoteTestNG.java:77)
]]>
    </error>
  </testcase> <!-- tearDown -->
  <system-out/>
  <testcase classname="cts.miniproject.test.DdExcelWordpressLogin" name="loginToWordpress" time="6.113">
    <error message="session not created
from disconnected: received Inspector.detached event
  (Session info: chrome=80.0.3987.149)
Build info: version: &#039;3.141.59&#039;, revision: &#039;e82be7d358&#039;, time: &#039;2018-11-14T08:17:03&#039;
System info: host: &#039;LAPTOP-72CGLFOI&#039;, ip: &#039;192.168.1.3&#039;, os.name: &#039;Windows 10&#039;, os.arch: &#039;amd64&#039;, os.version: &#039;10.0&#039;, java.version: &#039;14&#039;
Driver info: driver.version: ChromeDriver
remote stacktrace: Backtrace:
	Ordinal0 [0x00CF0C83+1707139]
	Ordinal0 [0x00C568F1+1075441]
	Ordinal0 [0x00BCDFC9+516041]
	Ordinal0 [0x00BC687B+485499]
	Ordinal0 [0x00BC6499+484505]
	Ordinal0 [0x00BC5D96+482710]
	Ordinal0 [0x00BC53AC+480172]
	Ordinal0 [0x00BC56C5+480965]
	Ordinal0 [0x00BD382B+538667]
	Ordinal0 [0x00BCF8BA+522426]
	Ordinal0 [0x00BCF615+521749]
	Ordinal0 [0x00BCFB1F+523039]
	Ordinal0 [0x00BCFD20+523552]
	Ordinal0 [0x00B7CB3D+183101]
	Ordinal0 [0x00B7BDDD+179677]
	Ordinal0 [0x00B79D4B+171339]
	Ordinal0 [0x00B61D4A+73034]
	Ordinal0 [0x00B62DC0+77248]
	Ordinal0 [0x00B62D59+77145]
	Ordinal0 [0x00C6BB67+1162087]
	GetHandleVerifier [0x00D8A966+508998]
	GetHandleVerifier [0x00D8A6A4+508292]
	GetHandleVerifier [0x00D9F7B7+594583]
	GetHandleVerifier [0x00D8B1D6+511158]
	Ordinal0 [0x00C6402C+1130540]
	Ordinal0 [0x00C6D4CB+1168587]
	Ordinal0 [0x00C6D633+1168947]
	Ordinal0 [0x00C85B35+1268533]
	BaseThreadInitThunk [0x74898494+36]
	RtlAreBitsSet [0x772041C8+136]
	RtlAreBitsSet [0x77204198+88]
" type="org.openqa.selenium.SessionNotCreatedException">
      <![CDATA[org.openqa.selenium.SessionNotCreatedException: session not created
from disconnected: received Inspector.detached event
  (Session info: chrome=80.0.3987.149)
Build info: version: '3.141.59', revision: 'e82be7d358', time: '2018-11-14T08:17:03'
System info: host: 'LAPTOP-72CGLFOI', ip: '192.168.1.3', os.name: 'Windows 10', os.arch: 'amd64', os.version: '10.0', java.version: '14'
Driver info: driver.version: ChromeDriver
remote stacktrace: Backtrace:
Ordinal0 [0x00CF0C83+1707139]
Ordinal0 [0x00C568F1+1075441]
Ordinal0 [0x00BCDFC9+516041]
Ordinal0 [0x00BC687B+485499]
Ordinal0 [0x00BC6499+484505]
Ordinal0 [0x00BC5D96+482710]
Ordinal0 [0x00BC53AC+480172]
Ordinal0 [0x00BC56C5+480965]
Ordinal0 [0x00BD382B+538667]
Ordinal0 [0x00BCF8BA+522426]
Ordinal0 [0x00BCF615+521749]
Ordinal0 [0x00BCFB1F+523039]
Ordinal0 [0x00BCFD20+523552]
Ordinal0 [0x00B7CB3D+183101]
Ordinal0 [0x00B7BDDD+179677]
Ordinal0 [0x00B79D4B+171339]
Ordinal0 [0x00B61D4A+73034]
Ordinal0 [0x00B62DC0+77248]
Ordinal0 [0x00B62D59+77145]
Ordinal0 [0x00C6BB67+1162087]
GetHandleVerifier [0x00D8A966+508998]
GetHandleVerifier [0x00D8A6A4+508292]
GetHandleVerifier [0x00D9F7B7+594583]
GetHandleVerifier [0x00D8B1D6+511158]
Ordinal0 [0x00C6402C+1130540]
Ordinal0 [0x00C6D4CB+1168587]
Ordinal0 [0x00C6D633+1168947]
Ordinal0 [0x00C85B35+1268533]
BaseThreadInitThunk [0x74898494+36]
RtlAreBitsSet [0x772041C8+136]
RtlAreBitsSet [0x77204198+88]

at java.base/jdk.internal.reflect.NativeConstructorAccessorImpl.newInstance0(Native Method)
at java.base/jdk.internal.reflect.NativeConstructorAccessorImpl.newInstance(NativeConstructorAccessorImpl.java:62)
at java.base/jdk.internal.reflect.DelegatingConstructorAccessorImpl.newInstance(DelegatingConstructorAccessorImpl.java:45)
at java.base/java.lang.reflect.Constructor.newInstanceWithCaller(Constructor.java:500)
at java.base/java.lang.reflect.Constructor.newInstance(Constructor.java:481)
at org.openqa.selenium.remote.W3CHandshakeResponse.lambda$errorHandler$0(W3CHandshakeResponse.java:62)
at org.openqa.selenium.remote.HandshakeResponse.lambda$getResponseFunction$0(HandshakeResponse.java:30)
at org.openqa.selenium.remote.ProtocolHandshake.lambda$createSession$0(ProtocolHandshake.java:126)
at java.base/java.util.stream.ReferencePipeline$3$1.accept(ReferencePipeline.java:195)
at java.base/java.util.Spliterators$ArraySpliterator.tryAdvance(Spliterators.java:958)
at java.base/java.util.stream.ReferencePipeline.forEachWithCancel(ReferencePipeline.java:127)
at java.base/java.util.stream.AbstractPipeline.copyIntoWithCancel(AbstractPipeline.java:502)
at java.base/java.util.stream.AbstractPipeline.copyInto(AbstractPipeline.java:488)
at java.base/java.util.stream.AbstractPipeline.wrapAndCopyInto(AbstractPipeline.java:474)
at java.base/java.util.stream.FindOps$FindOp.evaluateSequential(FindOps.java:150)
at java.base/java.util.stream.AbstractPipeline.evaluate(AbstractPipeline.java:234)
at java.base/java.util.stream.ReferencePipeline.findFirst(ReferencePipeline.java:543)
at org.openqa.selenium.remote.ProtocolHandshake.createSession(ProtocolHandshake.java:128)
at org.openqa.selenium.remote.ProtocolHandshake.createSession(ProtocolHandshake.java:74)
at org.openqa.selenium.remote.HttpCommandExecutor.execute(HttpCommandExecutor.java:136)
at org.openqa.selenium.remote.service.DriverCommandExecutor.execute(DriverCommandExecutor.java:83)
at org.openqa.selenium.remote.RemoteWebDriver.execute(RemoteWebDriver.java:552)
at org.openqa.selenium.remote.RemoteWebDriver.startSession(RemoteWebDriver.java:213)
at org.openqa.selenium.remote.RemoteWebDriver.<init>(RemoteWebDriver.java:131)
at org.openqa.selenium.chrome.ChromeDriver.<init>(ChromeDriver.java:181)
at org.openqa.selenium.chrome.ChromeDriver.<init>(ChromeDriver.java:168)
at org.openqa.selenium.chrome.ChromeDriver.<init>(ChromeDriver.java:123)
at cts.miniproject.test.DdExcelWordpressLogin.loginToWordpress(DdExcelWordpressLogin.java:21)
at java.base/jdk.internal.reflect.NativeMethodAccessorImpl.invoke0(Native Method)
at java.base/jdk.internal.reflect.NativeMethodAccessorImpl.invoke(NativeMethodAccessorImpl.java:62)
at java.base/jdk.internal.reflect.DelegatingMethodAccessorImpl.invoke(DelegatingMethodAccessorImpl.java:43)
at java.base/java.lang.reflect.Method.invoke(Method.java:564)
at org.testng.internal.MethodInvocationHelper.invokeMethod(MethodInvocationHelper.java:134)
at org.testng.internal.TestInvoker.invokeMethod(TestInvoker.java:597)
at org.testng.internal.TestInvoker.invokeTestMethod(TestInvoker.java:173)
at org.testng.internal.MethodRunner.runInSequence(MethodRunner.java:46)
at org.testng.internal.TestInvoker$MethodInvocationAgent.invoke(TestInvoker.java:816)
at org.testng.internal.TestInvoker.invokeTestMethods(TestInvoker.java:146)
at org.testng.internal.TestMethodWorker.invokeTestMethods(TestMethodWorker.java:146)
at org.testng.internal.TestMethodWorker.run(TestMethodWorker.java:128)
at java.base/java.util.ArrayList.forEach(ArrayList.java:1510)
at org.testng.TestRunner.privateRun(TestRunner.java:766)
at org.testng.TestRunner.run(TestRunner.java:587)
at org.testng.SuiteRunner.runTest(SuiteRunner.java:384)
at org.testng.SuiteRunner.runSequentially(SuiteRunner.java:378)
at org.testng.SuiteRunner.privateRun(SuiteRunner.java:337)
at org.testng.SuiteRunner.run(SuiteRunner.java:286)
at org.testng.SuiteRunnerWorker.runSuite(SuiteRunnerWorker.java:53)
at org.testng.SuiteRunnerWorker.run(SuiteRunnerWorker.java:96)
at org.testng.TestNG.runSuitesSequentially(TestNG.java:1187)
at org.testng.TestNG.runSuitesLocally(TestNG.java:1109)
at org.testng.TestNG.runSuites(TestNG.java:1039)
at org.testng.TestNG.run(TestNG.java:1007)
at org.testng.remote.AbstractRemoteTestNG.run(AbstractRemoteTestNG.java:115)
at org.testng.remote.RemoteTestNG.initAndRun(RemoteTestNG.java:251)
at org.testng.remote.RemoteTestNG.main(RemoteTestNG.java:77)
]]>
    </error>
  </testcase> <!-- loginToWordpress -->
  <system-out/>
  <testcase classname="cts.miniproject.test.DdExcelWordpressLogin" name="loginToWordpress" time="0.000">
    <skipped/>
  </testcase> <!-- loginToWordpress -->
  <system-out/>
  <testcase classname="cts.miniproject.test.DdExcelWordpressLogin" name="loginToWordpress" time="0.000">
    <skipped/>
  </testcase> <!-- loginToWordpress -->
  <system-out/>
  <testcase classname="cts.miniproject.test.DdExcelWordpressLogin" name="loginToWordpress" time="0.000">
    <skipped/>
  </testcase> <!-- loginToWordpress -->
  <system-out/>
</testsuite> <!-- cts.miniproject.test.DdExcelWordpressLogin -->
